Analysis & Synthesis report for lab4real2
Mon Feb 27 15:03:03 2023
Quartus Prime Version 18.1.0 Build 625 09/12/2018 SJ Lite Edition


---------------------
; Table of Contents ;
---------------------
  1. Legal Notice
  2. Analysis & Synthesis Summary
  3. Analysis & Synthesis Settings
  4. Parallel Compilation
  5. Analysis & Synthesis Source Files Read
  6. Analysis & Synthesis Resource Usage Summary
  7. Analysis & Synthesis Resource Utilization by Entity
  8. State Machine - |Processor|control:control_unit|curr_state
  9. Registers Removed During Synthesis
 10. General Register Statistics
 11. Multiplexer Restructuring Statistics (Restructuring Performed)
 12. Port Connectivity Checks: "HexDriver:Hexuseless"
 13. Port Connectivity Checks: "HexDriver:HexX"
 14. Port Connectivity Checks: "Add_sub_9bit:multiplier|full_adder:FA66"
 15. Port Connectivity Checks: "Add_sub_9bit:multiplier|four_bit_RA:FA44"
 16. Port Connectivity Checks: "Add_sub_9bit:multiplier|four_bit_RA:FA555"
 17. Port Connectivity Checks: "Add_sub_9bit:multiplier|four_bit_RA:FA444"
 18. Port Connectivity Checks: "Add_sub_9bit:multiplier"
 19. Port Connectivity Checks: "reg_8:reg_unitB"
 20. Post-Synthesis Netlist Statistics for Top Partition
 21. Elapsed Time Per Partition
 22. Analysis & Synthesis Messages
 23. Analysis & Synthesis Suppressed Messages



----------------
; Legal Notice ;
----------------
Copyright (C) 2018  Intel Corporation. All rights reserved.
Your use of Intel Corporation's design tools, logic functions 
and other software and tools, and its AMPP partner logic 
functions, and any output files from any of the foregoing 
(including device programming or simulation files), and any 
associated documentation or information are expressly subject 
to the terms and conditions of the Intel Program License 
Subscription Agreement, the Intel Quartus Prime License Agreement,
the Intel FPGA IP License Agreement, or other applicable license
agreement, including, without limitation, that your use is for
the sole purpose of programming logic devices manufactured by
Intel and sold by Intel or its authorized distributors.  Please
refer to the applicable agreement for further details.



+----------------------------------------------------------------------------------+
; Analysis & Synthesis Summary                                                     ;
+------------------------------------+---------------------------------------------+
; Analysis & Synthesis Status        ; Successful - Mon Feb 27 15:03:03 2023       ;
; Quartus Prime Version              ; 18.1.0 Build 625 09/12/2018 SJ Lite Edition ;
; Revision Name                      ; lab4real2                                   ;
; Top-level Entity Name              ; Processor                                   ;
; Family                             ; MAX 10                                      ;
; Total logic elements               ; 113                                         ;
;     Total combinational functions  ; 89                                          ;
;     Dedicated logic registers      ; 46                                          ;
; Total registers                    ; 46                                          ;
; Total pins                         ; 72                                          ;
; Total virtual pins                 ; 0                                           ;
; Total memory bits                  ; 0                                           ;
; Embedded Multiplier 9-bit elements ; 0                                           ;
; Total PLLs                         ; 0                                           ;
; UFM blocks                         ; 0                                           ;
; ADC blocks                         ; 0                                           ;
+------------------------------------+---------------------------------------------+


+------------------------------------------------------------------------------------------------------------+
; Analysis & Synthesis Settings                                                                              ;
+------------------------------------------------------------------+--------------------+--------------------+
; Option                                                           ; Setting            ; Default Value      ;
+------------------------------------------------------------------+--------------------+--------------------+
; Device                                                           ; 10M50DAF484C7G     ;                    ;
; Top-level entity name                                            ; Processor          ; lab4real2          ;
; Family name                                                      ; MAX 10             ; Cyclone V          ;
; Use smart compilation                                            ; Off                ; Off                ;
; Enable parallel Assembler and Timing Analyzer during compilation ; On                 ; On                 ;
; Enable compact report table                                      ; Off                ; Off                ;
; Restructure Multiplexers                                         ; Auto               ; Auto               ;
; Create Debugging Nodes for IP Cores                              ; Off                ; Off                ;
; Preserve fewer node names                                        ; On                 ; On                 ;
; Intel FPGA IP Evaluation Mode                                    ; Enable             ; Enable             ;
; Verilog Version                                                  ; Verilog_2001       ; Verilog_2001       ;
; VHDL Version                                                     ; VHDL_1993          ; VHDL_1993          ;
; State Machine Processing                                         ; Auto               ; Auto               ;
; Safe State Machine                                               ; Off                ; Off                ;
; Extract Verilog State Machines                                   ; On                 ; On                 ;
; Extract VHDL State Machines                                      ; On                 ; On                 ;
; Ignore Verilog initial constructs                                ; Off                ; Off                ;
; Iteration limit for constant Verilog loops                       ; 5000               ; 5000               ;
; Iteration limit for non-constant Verilog loops                   ; 250                ; 250                ;
; Add Pass-Through Logic to Inferred RAMs                          ; On                 ; On                 ;
; Infer RAMs from Raw Logic                                        ; On                 ; On                 ;
; Parallel Synthesis                                               ; On                 ; On                 ;
; DSP Block Balancing                                              ; Auto               ; Auto               ;
; NOT Gate Push-Back                                               ; On                 ; On                 ;
; Power-Up Don't Care                                              ; On                 ; On                 ;
; Remove Redundant Logic Cells                                     ; Off                ; Off                ;
; Remove Duplicate Registers                                       ; On                 ; On                 ;
; Ignore CARRY Buffers                                             ; Off                ; Off                ;
; Ignore CASCADE Buffers                                           ; Off                ; Off                ;
; Ignore GLOBAL Buffers                                            ; Off                ; Off                ;
; Ignore ROW GLOBAL Buffers                                        ; Off                ; Off                ;
; Ignore LCELL Buffers                                             ; Off                ; Off                ;
; Ignore SOFT Buffers                                              ; On                 ; On                 ;
; Limit AHDL Integers to 32 Bits                                   ; Off                ; Off                ;
; Optimization Technique                                           ; Balanced           ; Balanced           ;
; Carry Chain Length                                               ; 70                 ; 70                 ;
; Auto Carry Chains                                                ; On                 ; On                 ;
; Auto Open-Drain Pins                                             ; On                 ; On                 ;
; Perform WYSIWYG Primitive Resynthesis                            ; Off                ; Off                ;
; Auto ROM Replacement                                             ; On                 ; On                 ;
; Auto RAM Replacement                                             ; On                 ; On                 ;
; Auto DSP Block Replacement                                       ; On                 ; On                 ;
; Auto Shift Register Replacement                                  ; Auto               ; Auto               ;
; Allow Shift Register Merging across Hierarchies                  ; Auto               ; Auto               ;
; Auto Clock Enable Replacement                                    ; On                 ; On                 ;
; Strict RAM Replacement                                           ; Off                ; Off                ;
; Allow Synchronous Control Signals                                ; On                 ; On                 ;
; Force Use of Synchronous Clear Signals                           ; Off                ; Off                ;
; Auto RAM Block Balancing                                         ; On                 ; On                 ;
; Auto RAM to Logic Cell Conversion                                ; Off                ; Off                ;
; Auto Resource Sharing                                            ; Off                ; Off                ;
; Allow Any RAM Size For Recognition                               ; Off                ; Off                ;
; Allow Any ROM Size For Recognition                               ; Off                ; Off                ;
; Allow Any Shift Register Size For Recognition                    ; Off                ; Off                ;
; Use LogicLock Constraints during Resource Balancing              ; On                 ; On                 ;
; Ignore translate_off and synthesis_off directives                ; Off                ; Off                ;
; Timing-Driven Synthesis                                          ; On                 ; On                 ;
; Report Parameter Settings                                        ; On                 ; On                 ;
; Report Source Assignments                                        ; On                 ; On                 ;
; Report Connectivity Checks                                       ; On                 ; On                 ;
; Ignore Maximum Fan-Out Assignments                               ; Off                ; Off                ;
; Synchronization Register Chain Length                            ; 2                  ; 2                  ;
; Power Optimization During Synthesis                              ; Normal compilation ; Normal compilation ;
; HDL message level                                                ; Level2             ; Level2             ;
; Suppress Register Optimization Related Messages                  ; Off                ; Off                ;
; Number of Removed Registers Reported in Synthesis Report         ; 5000               ; 5000               ;
; Number of Swept Nodes Reported in Synthesis Report               ; 5000               ; 5000               ;
; Number of Inverted Registers Reported in Synthesis Report        ; 100                ; 100                ;
; Clock MUX Protection                                             ; On                 ; On                 ;
; Auto Gated Clock Conversion                                      ; Off                ; Off                ;
; Block Design Naming                                              ; Auto               ; Auto               ;
; SDC constraint protection                                        ; Off                ; Off                ;
; Synthesis Effort                                                 ; Auto               ; Auto               ;
; Shift Register Replacement - Allow Asynchronous Clear Signal     ; On                 ; On                 ;
; Pre-Mapping Resynthesis Optimization                             ; Off                ; Off                ;
; Analysis & Synthesis Message Level                               ; Medium             ; Medium             ;
; Disable Register Merging Across Hierarchies                      ; Auto               ; Auto               ;
; Resource Aware Inference For Block RAM                           ; On                 ; On                 ;
+------------------------------------------------------------------+--------------------+--------------------+


+------------------------------------------+
; Parallel Compilation                     ;
+----------------------------+-------------+
; Processors                 ; Number      ;
+----------------------------+-------------+
; Number detected on machine ; 12          ;
; Maximum allowed            ; 6           ;
;                            ;             ;
; Average used               ; 1.00        ;
; Maximum used               ; 6           ;
;                            ;             ;
; Usage by Processor         ; % Time Used ;
;     Processor 1            ; 100.0%      ;
;     Processors 2-6         ;   0.0%      ;
+----------------------------+-------------+


+-------------------------------------------------------------------------------------------------------------------------------------------------------------------------------------------------------+
; Analysis & Synthesis Source Files Read                                                                                                                                                                ;
+----------------------------------+-----------------+------------------------------+---------------------------------------------------------------------------------------------------------+---------+
; File Name with User-Entered Path ; Used in Netlist ; File Type                    ; File Name with Absolute Path                                                                            ; Library ;
+----------------------------------+-----------------+------------------------------+---------------------------------------------------------------------------------------------------------+---------+
; Multiplier/Synchronizers.sv      ; yes             ; User SystemVerilog HDL File  ; C:/Users/hunte/OneDrive/Documents/Illinois/Spring 2023/ECE 385/Labs/Lab 4.1/Multiplier/Synchronizers.sv ;         ;
; Multiplier/ripple_adder.sv       ; yes             ; User SystemVerilog HDL File  ; C:/Users/hunte/OneDrive/Documents/Illinois/Spring 2023/ECE 385/Labs/Lab 4.1/Multiplier/ripple_adder.sv  ;         ;
; Multiplier/Reg_4.sv              ; yes             ; User SystemVerilog HDL File  ; C:/Users/hunte/OneDrive/Documents/Illinois/Spring 2023/ECE 385/Labs/Lab 4.1/Multiplier/Reg_4.sv         ;         ;
; Multiplier/Processor.sv          ; yes             ; User SystemVerilog HDL File  ; C:/Users/hunte/OneDrive/Documents/Illinois/Spring 2023/ECE 385/Labs/Lab 4.1/Multiplier/Processor.sv     ;         ;
; Multiplier/HexDriver.sv          ; yes             ; User SystemVerilog HDL File  ; C:/Users/hunte/OneDrive/Documents/Illinois/Spring 2023/ECE 385/Labs/Lab 4.1/Multiplier/HexDriver.sv     ;         ;
; Multiplier/full_adder.sv         ; yes             ; User SystemVerilog HDL File  ; C:/Users/hunte/OneDrive/Documents/Illinois/Spring 2023/ECE 385/Labs/Lab 4.1/Multiplier/full_adder.sv    ;         ;
; Multiplier/control.sv            ; yes             ; User SystemVerilog HDL File  ; C:/Users/hunte/OneDrive/Documents/Illinois/Spring 2023/ECE 385/Labs/Lab 4.1/Multiplier/control.sv       ;         ;
+----------------------------------+-----------------+------------------------------+---------------------------------------------------------------------------------------------------------+---------+


+---------------------------------------------------------+
; Analysis & Synthesis Resource Usage Summary             ;
+---------------------------------------------+-----------+
; Resource                                    ; Usage     ;
+---------------------------------------------+-----------+
; Estimated Total logic elements              ; 113       ;
;                                             ;           ;
; Total combinational functions               ; 89        ;
; Logic element usage by number of LUT inputs ;           ;
;     -- 4 input functions                    ; 62        ;
;     -- 3 input functions                    ; 21        ;
;     -- <=2 input functions                  ; 6         ;
;                                             ;           ;
; Logic elements by mode                      ;           ;
;     -- normal mode                          ; 89        ;
;     -- arithmetic mode                      ; 0         ;
;                                             ;           ;
; Total registers                             ; 46        ;
;     -- Dedicated logic registers            ; 46        ;
;     -- I/O registers                        ; 0         ;
;                                             ;           ;
; I/O pins                                    ; 72        ;
;                                             ;           ;
; Embedded Multiplier 9-bit elements          ; 0         ;
;                                             ;           ;
; Maximum fan-out node                        ; Clk~input ;
; Maximum fan-out                             ; 46        ;
; Total fan-out                               ; 569       ;
; Average fan-out                             ; 2.04      ;
+---------------------------------------------+-----------+


+---------------------------------------------------------------------------------------------------------------------------------------------------------------------------------------------------------------------------------------------------------------------------------------+
; Analysis & Synthesis Resource Utilization by Entity                                                                                                                                                                                                                                   ;
+------------------------------+---------------------+---------------------------+-------------+------------+--------------+---------+-----------+------+--------------+------------+---------------------------------------------------------------------+--------------+--------------+
; Compilation Hierarchy Node   ; Combinational ALUTs ; Dedicated Logic Registers ; Memory Bits ; UFM Blocks ; DSP Elements ; DSP 9x9 ; DSP 18x18 ; Pins ; Virtual Pins ; ADC blocks ; Full Hierarchy Name                                                 ; Entity Name  ; Library Name ;
+------------------------------+---------------------+---------------------------+-------------+------------+--------------+---------+-----------+------+--------------+------------+---------------------------------------------------------------------+--------------+--------------+
; |Processor                   ; 89 (1)              ; 46 (0)                    ; 0           ; 0          ; 0            ; 0       ; 0         ; 72   ; 0            ; 0          ; |Processor                                                          ; Processor    ; work         ;
;    |Add_sub_9bit:multiplier| ; 29 (6)              ; 0 (0)                     ; 0           ; 0          ; 0            ; 0       ; 0         ; 0    ; 0            ; 0          ; |Processor|Add_sub_9bit:multiplier                                  ; Add_sub_9bit ; work         ;
;       |four_bit_RA:FA444|    ; 5 (0)               ; 0 (0)                     ; 0           ; 0          ; 0            ; 0       ; 0         ; 0    ; 0            ; 0          ; |Processor|Add_sub_9bit:multiplier|four_bit_RA:FA444                ; four_bit_RA  ; work         ;
;          |full_adder:FA0|    ; 1 (1)               ; 0 (0)                     ; 0           ; 0          ; 0            ; 0       ; 0         ; 0    ; 0            ; 0          ; |Processor|Add_sub_9bit:multiplier|four_bit_RA:FA444|full_adder:FA0 ; full_adder   ; work         ;
;          |full_adder:FA1|    ; 2 (2)               ; 0 (0)                     ; 0           ; 0          ; 0            ; 0       ; 0         ; 0    ; 0            ; 0          ; |Processor|Add_sub_9bit:multiplier|four_bit_RA:FA444|full_adder:FA1 ; full_adder   ; work         ;
;          |full_adder:FA2|    ; 1 (1)               ; 0 (0)                     ; 0           ; 0          ; 0            ; 0       ; 0         ; 0    ; 0            ; 0          ; |Processor|Add_sub_9bit:multiplier|four_bit_RA:FA444|full_adder:FA2 ; full_adder   ; work         ;
;          |full_adder:FA3|    ; 1 (1)               ; 0 (0)                     ; 0           ; 0          ; 0            ; 0       ; 0         ; 0    ; 0            ; 0          ; |Processor|Add_sub_9bit:multiplier|four_bit_RA:FA444|full_adder:FA3 ; full_adder   ; work         ;
;       |four_bit_RA:FA44|     ; 7 (0)               ; 0 (0)                     ; 0           ; 0          ; 0            ; 0       ; 0         ; 0    ; 0            ; 0          ; |Processor|Add_sub_9bit:multiplier|four_bit_RA:FA44                 ; four_bit_RA  ; work         ;
;          |full_adder:FA0|    ; 1 (1)               ; 0 (0)                     ; 0           ; 0          ; 0            ; 0       ; 0         ; 0    ; 0            ; 0          ; |Processor|Add_sub_9bit:multiplier|four_bit_RA:FA44|full_adder:FA0  ; full_adder   ; work         ;
;          |full_adder:FA1|    ; 2 (2)               ; 0 (0)                     ; 0           ; 0          ; 0            ; 0       ; 0         ; 0    ; 0            ; 0          ; |Processor|Add_sub_9bit:multiplier|four_bit_RA:FA44|full_adder:FA1  ; full_adder   ; work         ;
;          |full_adder:FA2|    ; 2 (2)               ; 0 (0)                     ; 0           ; 0          ; 0            ; 0       ; 0         ; 0    ; 0            ; 0          ; |Processor|Add_sub_9bit:multiplier|four_bit_RA:FA44|full_adder:FA2  ; full_adder   ; work         ;
;          |full_adder:FA3|    ; 2 (2)               ; 0 (0)                     ; 0           ; 0          ; 0            ; 0       ; 0         ; 0    ; 0            ; 0          ; |Processor|Add_sub_9bit:multiplier|four_bit_RA:FA44|full_adder:FA3  ; full_adder   ; work         ;
;       |four_bit_RA:FA555|    ; 3 (0)               ; 0 (0)                     ; 0           ; 0          ; 0            ; 0       ; 0         ; 0    ; 0            ; 0          ; |Processor|Add_sub_9bit:multiplier|four_bit_RA:FA555                ; four_bit_RA  ; work         ;
;          |full_adder:FA0|    ; 1 (1)               ; 0 (0)                     ; 0           ; 0          ; 0            ; 0       ; 0         ; 0    ; 0            ; 0          ; |Processor|Add_sub_9bit:multiplier|four_bit_RA:FA555|full_adder:FA0 ; full_adder   ; work         ;
;          |full_adder:FA1|    ; 1 (1)               ; 0 (0)                     ; 0           ; 0          ; 0            ; 0       ; 0         ; 0    ; 0            ; 0          ; |Processor|Add_sub_9bit:multiplier|four_bit_RA:FA555|full_adder:FA1 ; full_adder   ; work         ;
;          |full_adder:FA2|    ; 1 (1)               ; 0 (0)                     ; 0           ; 0          ; 0            ; 0       ; 0         ; 0    ; 0            ; 0          ; |Processor|Add_sub_9bit:multiplier|four_bit_RA:FA555|full_adder:FA2 ; full_adder   ; work         ;
;       |four_bit_RA:FA55|     ; 7 (0)               ; 0 (0)                     ; 0           ; 0          ; 0            ; 0       ; 0         ; 0    ; 0            ; 0          ; |Processor|Add_sub_9bit:multiplier|four_bit_RA:FA55                 ; four_bit_RA  ; work         ;
;          |full_adder:FA0|    ; 2 (2)               ; 0 (0)                     ; 0           ; 0          ; 0            ; 0       ; 0         ; 0    ; 0            ; 0          ; |Processor|Add_sub_9bit:multiplier|four_bit_RA:FA55|full_adder:FA0  ; full_adder   ; work         ;
;          |full_adder:FA1|    ; 2 (2)               ; 0 (0)                     ; 0           ; 0          ; 0            ; 0       ; 0         ; 0    ; 0            ; 0          ; |Processor|Add_sub_9bit:multiplier|four_bit_RA:FA55|full_adder:FA1  ; full_adder   ; work         ;
;          |full_adder:FA2|    ; 2 (2)               ; 0 (0)                     ; 0           ; 0          ; 0            ; 0       ; 0         ; 0    ; 0            ; 0          ; |Processor|Add_sub_9bit:multiplier|four_bit_RA:FA55|full_adder:FA2  ; full_adder   ; work         ;
;          |full_adder:FA3|    ; 1 (1)               ; 0 (0)                     ; 0           ; 0          ; 0            ; 0       ; 0         ; 0    ; 0            ; 0          ; |Processor|Add_sub_9bit:multiplier|four_bit_RA:FA55|full_adder:FA3  ; full_adder   ; work         ;
;       |full_adder:FA66|      ; 1 (1)               ; 0 (0)                     ; 0           ; 0          ; 0            ; 0       ; 0         ; 0    ; 0            ; 0          ; |Processor|Add_sub_9bit:multiplier|full_adder:FA66                  ; full_adder   ; work         ;
;    |HexDriver:HexAL|         ; 7 (7)               ; 0 (0)                     ; 0           ; 0          ; 0            ; 0       ; 0         ; 0    ; 0            ; 0          ; |Processor|HexDriver:HexAL                                          ; HexDriver    ; work         ;
;    |HexDriver:HexAU|         ; 7 (7)               ; 0 (0)                     ; 0           ; 0          ; 0            ; 0       ; 0         ; 0    ; 0            ; 0          ; |Processor|HexDriver:HexAU                                          ; HexDriver    ; work         ;
;    |HexDriver:HexBL|         ; 7 (7)               ; 0 (0)                     ; 0           ; 0          ; 0            ; 0       ; 0         ; 0    ; 0            ; 0          ; |Processor|HexDriver:HexBL                                          ; HexDriver    ; work         ;
;    |HexDriver:HexBU|         ; 7 (7)               ; 0 (0)                     ; 0           ; 0          ; 0            ; 0       ; 0         ; 0    ; 0            ; 0          ; |Processor|HexDriver:HexBU                                          ; HexDriver    ; work         ;
;    |control:control_unit|    ; 8 (8)               ; 19 (19)                   ; 0           ; 0          ; 0            ; 0       ; 0         ; 0    ; 0            ; 0          ; |Processor|control:control_unit                                     ; control      ; work         ;
;    |reg_8:reg_unitA|         ; 11 (11)             ; 8 (8)                     ; 0           ; 0          ; 0            ; 0       ; 0         ; 0    ; 0            ; 0          ; |Processor|reg_8:reg_unitA                                          ; reg_8        ; work         ;
;    |reg_8:reg_unitB|         ; 9 (9)               ; 8 (8)                     ; 0           ; 0          ; 0            ; 0       ; 0         ; 0    ; 0            ; 0          ; |Processor|reg_8:reg_unitB                                          ; reg_8        ; work         ;
;    |sync:Din_sync[0]|        ; 0 (0)               ; 1 (1)                     ; 0           ; 0          ; 0            ; 0       ; 0         ; 0    ; 0            ; 0          ; |Processor|sync:Din_sync[0]                                         ; sync         ; work         ;
;    |sync:Din_sync[1]|        ; 0 (0)               ; 1 (1)                     ; 0           ; 0          ; 0            ; 0       ; 0         ; 0    ; 0            ; 0          ; |Processor|sync:Din_sync[1]                                         ; sync         ; work         ;
;    |sync:Din_sync[2]|        ; 0 (0)               ; 1 (1)                     ; 0           ; 0          ; 0            ; 0       ; 0         ; 0    ; 0            ; 0          ; |Processor|sync:Din_sync[2]                                         ; sync         ; work         ;
;    |sync:Din_sync[3]|        ; 0 (0)               ; 1 (1)                     ; 0           ; 0          ; 0            ; 0       ; 0         ; 0    ; 0            ; 0          ; |Processor|sync:Din_sync[3]                                         ; sync         ; work         ;
;    |sync:Din_sync[4]|        ; 0 (0)               ; 1 (1)                     ; 0           ; 0          ; 0            ; 0       ; 0         ; 0    ; 0            ; 0          ; |Processor|sync:Din_sync[4]                                         ; sync         ; work         ;
;    |sync:Din_sync[5]|        ; 0 (0)               ; 1 (1)                     ; 0           ; 0          ; 0            ; 0       ; 0         ; 0    ; 0            ; 0          ; |Processor|sync:Din_sync[5]                                         ; sync         ; work         ;
;    |sync:Din_sync[6]|        ; 0 (0)               ; 1 (1)                     ; 0           ; 0          ; 0            ; 0       ; 0         ; 0    ; 0            ; 0          ; |Processor|sync:Din_sync[6]                                         ; sync         ; work         ;
;    |sync:Din_sync[7]|        ; 0 (0)               ; 1 (1)                     ; 0           ; 0          ; 0            ; 0       ; 0         ; 0    ; 0            ; 0          ; |Processor|sync:Din_sync[7]                                         ; sync         ; work         ;
;    |sync:button_sync[0]|     ; 1 (1)               ; 1 (1)                     ; 0           ; 0          ; 0            ; 0       ; 0         ; 0    ; 0            ; 0          ; |Processor|sync:button_sync[0]                                      ; sync         ; work         ;
;    |sync:button_sync[1]|     ; 1 (1)               ; 1 (1)                     ; 0           ; 0          ; 0            ; 0       ; 0         ; 0    ; 0            ; 0          ; |Processor|sync:button_sync[1]                                      ; sync         ; work         ;
;    |xreg:xregister|          ; 1 (1)               ; 1 (1)                     ; 0           ; 0          ; 0            ; 0       ; 0         ; 0    ; 0            ; 0          ; |Processor|xreg:xregister                                           ; xreg         ; work         ;
+------------------------------+---------------------+---------------------------+-------------+------------+--------------+---------+-----------+------+--------------+------------+---------------------------------------------------------------------+--------------+--------------+
Note: For table entries with two numbers listed, the numbers in parentheses indicate the number of resources of the given type used by the specific entity alone. The numbers listed outside of parentheses indicate the total resources of the given type used by the specific entity and all of its sub-entities in the hierarchy.


Encoding Type:  One-Hot
+-------------------------------------------------------------------------------------------------------------------------------------------------------------------------------------------------------------------------------------------------------------------------------------------------------------------------------------------------+
; State Machine - |Processor|control:control_unit|curr_state                                                                                                                                                                                                                                                                                      ;
+--------------------+----------------+----------------+----------------+----------------+----------------+----------------+----------------+----------------+---------------+---------------+---------------+---------------+---------------+---------------+---------------+---------------+---------------+--------------------+---------------+
; Name               ; curr_state.s17 ; curr_state.s16 ; curr_state.s15 ; curr_state.s14 ; curr_state.s13 ; curr_state.s12 ; curr_state.s11 ; curr_state.s10 ; curr_state.s9 ; curr_state.s8 ; curr_state.s7 ; curr_state.s6 ; curr_state.s5 ; curr_state.s4 ; curr_state.s3 ; curr_state.s2 ; curr_state.s1 ; curr_state.swhoops ; curr_state.s0 ;
+--------------------+----------------+----------------+----------------+----------------+----------------+----------------+----------------+----------------+---------------+---------------+---------------+---------------+---------------+---------------+---------------+---------------+---------------+--------------------+---------------+
; curr_state.s0      ; 0              ; 0              ; 0              ; 0              ; 0              ; 0              ; 0              ; 0              ; 0             ; 0             ; 0             ; 0             ; 0             ; 0             ; 0             ; 0             ; 0             ; 0                  ; 0             ;
; curr_state.swhoops ; 0              ; 0              ; 0              ; 0              ; 0              ; 0              ; 0              ; 0              ; 0             ; 0             ; 0             ; 0             ; 0             ; 0             ; 0             ; 0             ; 0             ; 1                  ; 1             ;
; curr_state.s1      ; 0              ; 0              ; 0              ; 0              ; 0              ; 0              ; 0              ; 0              ; 0             ; 0             ; 0             ; 0             ; 0             ; 0             ; 0             ; 0             ; 1             ; 0                  ; 1             ;
; curr_state.s2      ; 0              ; 0              ; 0              ; 0              ; 0              ; 0              ; 0              ; 0              ; 0             ; 0             ; 0             ; 0             ; 0             ; 0             ; 0             ; 1             ; 0             ; 0                  ; 1             ;
; curr_state.s3      ; 0              ; 0              ; 0              ; 0              ; 0              ; 0              ; 0              ; 0              ; 0             ; 0             ; 0             ; 0             ; 0             ; 0             ; 1             ; 0             ; 0             ; 0                  ; 1             ;
; curr_state.s4      ; 0              ; 0              ; 0              ; 0              ; 0              ; 0              ; 0              ; 0              ; 0             ; 0             ; 0             ; 0             ; 0             ; 1             ; 0             ; 0             ; 0             ; 0                  ; 1             ;
; curr_state.s5      ; 0              ; 0              ; 0              ; 0              ; 0              ; 0              ; 0              ; 0              ; 0             ; 0             ; 0             ; 0             ; 1             ; 0             ; 0             ; 0             ; 0             ; 0                  ; 1             ;
; curr_state.s6      ; 0              ; 0              ; 0              ; 0              ; 0              ; 0              ; 0              ; 0              ; 0             ; 0             ; 0             ; 1             ; 0             ; 0             ; 0             ; 0             ; 0             ; 0                  ; 1             ;
; curr_state.s7      ; 0              ; 0              ; 0              ; 0              ; 0              ; 0              ; 0              ; 0              ; 0             ; 0             ; 1             ; 0             ; 0             ; 0             ; 0             ; 0             ; 0             ; 0                  ; 1             ;
; curr_state.s8      ; 0              ; 0              ; 0              ; 0              ; 0              ; 0              ; 0              ; 0              ; 0             ; 1             ; 0             ; 0             ; 0             ; 0             ; 0             ; 0             ; 0             ; 0                  ; 1             ;
; curr_state.s9      ; 0              ; 0              ; 0              ; 0              ; 0              ; 0              ; 0              ; 0              ; 1             ; 0             ; 0             ; 0             ; 0             ; 0             ; 0             ; 0             ; 0             ; 0                  ; 1             ;
; curr_state.s10     ; 0              ; 0              ; 0              ; 0              ; 0              ; 0              ; 0              ; 1              ; 0             ; 0             ; 0             ; 0             ; 0             ; 0             ; 0             ; 0             ; 0             ; 0                  ; 1             ;
; curr_state.s11     ; 0              ; 0              ; 0              ; 0              ; 0              ; 0              ; 1              ; 0              ; 0             ; 0             ; 0             ; 0             ; 0             ; 0             ; 0             ; 0             ; 0             ; 0                  ; 1             ;
; curr_state.s12     ; 0              ; 0              ; 0              ; 0              ; 0              ; 1              ; 0              ; 0              ; 0             ; 0             ; 0             ; 0             ; 0             ; 0             ; 0             ; 0             ; 0             ; 0                  ; 1             ;
; curr_state.s13     ; 0              ; 0              ; 0              ; 0              ; 1              ; 0              ; 0              ; 0              ; 0             ; 0             ; 0             ; 0             ; 0             ; 0             ; 0             ; 0             ; 0             ; 0                  ; 1             ;
; curr_state.s14     ; 0              ; 0              ; 0              ; 1              ; 0              ; 0              ; 0              ; 0              ; 0             ; 0             ; 0             ; 0             ; 0             ; 0             ; 0             ; 0             ; 0             ; 0                  ; 1             ;
; curr_state.s15     ; 0              ; 0              ; 1              ; 0              ; 0              ; 0              ; 0              ; 0              ; 0             ; 0             ; 0             ; 0             ; 0             ; 0             ; 0             ; 0             ; 0             ; 0                  ; 1             ;
; curr_state.s16     ; 0              ; 1              ; 0              ; 0              ; 0              ; 0              ; 0              ; 0              ; 0             ; 0             ; 0             ; 0             ; 0             ; 0             ; 0             ; 0             ; 0             ; 0                  ; 1             ;
; curr_state.s17     ; 1              ; 0              ; 0              ; 0              ; 0              ; 0              ; 0              ; 0              ; 0             ; 0             ; 0             ; 0             ; 0             ; 0             ; 0             ; 0             ; 0             ; 0                  ; 1             ;
+--------------------+----------------+----------------+----------------+----------------+----------------+----------------+----------------+----------------+---------------+---------------+---------------+---------------+---------------+---------------+---------------+---------------+---------------+--------------------+---------------+


+------------------------------------------------------------+
; Registers Removed During Synthesis                         ;
+---------------------------------------+--------------------+
; Register name                         ; Reason for Removal ;
+---------------------------------------+--------------------+
; control:control_unit|curr_state~4     ; Lost fanout        ;
; control:control_unit|curr_state~5     ; Lost fanout        ;
; control:control_unit|curr_state~6     ; Lost fanout        ;
; control:control_unit|curr_state~7     ; Lost fanout        ;
; control:control_unit|curr_state~8     ; Lost fanout        ;
; control:control_unit|curr_state~9     ; Lost fanout        ;
; Total Number of Removed Registers = 6 ;                    ;
+---------------------------------------+--------------------+


+------------------------------------------------------+
; General Register Statistics                          ;
+----------------------------------------------+-------+
; Statistic                                    ; Value ;
+----------------------------------------------+-------+
; Total registers                              ; 46    ;
; Number of registers using Synchronous Clear  ; 0     ;
; Number of registers using Synchronous Load   ; 0     ;
; Number of registers using Asynchronous Clear ; 19    ;
; Number of registers using Asynchronous Load  ; 0     ;
; Number of registers using Clock Enable       ; 16    ;
; Number of registers using Preset             ; 0     ;
+----------------------------------------------+-------+


+------------------------------------------------------------------------------------------------------------------------------------------------------+
; Multiplexer Restructuring Statistics (Restructuring Performed)                                                                                       ;
+--------------------+-----------+---------------+----------------------+------------------------+------------+----------------------------------------+
; Multiplexer Inputs ; Bus Width ; Baseline Area ; Area if Restructured ; Saving if Restructured ; Registered ; Example Multiplexer Output             ;
+--------------------+-----------+---------------+----------------------+------------------------+------------+----------------------------------------+
; 3:1                ; 8 bits    ; 16 LEs        ; 8 LEs                ; 8 LEs                  ; Yes        ; |Processor|reg_8:reg_unitB|Data_Out[6] ;
; 4:1                ; 8 bits    ; 16 LEs        ; 16 LEs               ; 0 LEs                  ; Yes        ; |Processor|reg_8:reg_unitA|Data_Out[2] ;
+--------------------+-----------+---------------+----------------------+------------------------+------------+----------------------------------------+


+--------------------------------------------------+
; Port Connectivity Checks: "HexDriver:Hexuseless" ;
+------+-------+----------+------------------------+
; Port ; Type  ; Severity ; Details                ;
+------+-------+----------+------------------------+
; In0  ; Input ; Info     ; Stuck at GND           ;
+------+-------+----------+------------------------+


+-----------------------------------------------------------------------------------------------------------------------------------------------------------------------+
; Port Connectivity Checks: "HexDriver:HexX"                                                                                                                            ;
+------+-------+----------+---------------------------------------------------------------------------------------------------------------------------------------------+
; Port ; Type  ; Severity ; Details                                                                                                                                     ;
+------+-------+----------+---------------------------------------------------------------------------------------------------------------------------------------------+
; In0  ; Input ; Warning  ; Input port expression (1 bits) is smaller than the input port (4 bits) it drives.  Extra input bit(s) "In0[3..1]" will be connected to GND. ;
+------+-------+----------+---------------------------------------------------------------------------------------------------------------------------------------------+


+---------------------------------------------------------------------+
; Port Connectivity Checks: "Add_sub_9bit:multiplier|full_adder:FA66" ;
+------+--------+----------+------------------------------------------+
; Port ; Type   ; Severity ; Details                                  ;
+------+--------+----------+------------------------------------------+
; cout ; Output ; Info     ; Explicitly unconnected                   ;
+------+--------+----------+------------------------------------------+


+----------------------------------------------------------------------+
; Port Connectivity Checks: "Add_sub_9bit:multiplier|four_bit_RA:FA44" ;
+------+-------+----------+--------------------------------------------+
; Port ; Type  ; Severity ; Details                                    ;
+------+-------+----------+--------------------------------------------+
; cin  ; Input ; Info     ; Stuck at GND                               ;
+------+-------+----------+--------------------------------------------+


+-----------------------------------------------------------------------+
; Port Connectivity Checks: "Add_sub_9bit:multiplier|four_bit_RA:FA555" ;
+------+--------+----------+--------------------------------------------+
; Port ; Type   ; Severity ; Details                                    ;
+------+--------+----------+--------------------------------------------+
; A    ; Input  ; Info     ; Stuck at GND                               ;
; cout ; Output ; Info     ; Explicitly unconnected                     ;
+------+--------+----------+--------------------------------------------+


+-----------------------------------------------------------------------+
; Port Connectivity Checks: "Add_sub_9bit:multiplier|four_bit_RA:FA444" ;
+---------+-------+----------+------------------------------------------+
; Port    ; Type  ; Severity ; Details                                  ;
+---------+-------+----------+------------------------------------------+
; A[3..1] ; Input ; Info     ; Stuck at GND                             ;
; cin     ; Input ; Info     ; Stuck at GND                             ;
+---------+-------+----------+------------------------------------------+


+-----------------------------------------------------+
; Port Connectivity Checks: "Add_sub_9bit:multiplier" ;
+------+--------+----------+--------------------------+
; Port ; Type   ; Severity ; Details                  ;
+------+--------+----------+--------------------------+
; cout ; Output ; Info     ; Explicitly unconnected   ;
+------+--------+----------+--------------------------+


+--------------------------------------------------------+
; Port Connectivity Checks: "reg_8:reg_unitB"            ;
+-----------+--------+----------+------------------------+
; Port      ; Type   ; Severity ; Details                ;
+-----------+--------+----------+------------------------+
; Reset     ; Input  ; Info     ; Stuck at GND           ;
; Shift_Out ; Output ; Info     ; Explicitly unconnected ;
+-----------+--------+----------+------------------------+


+-----------------------------------------------------+
; Post-Synthesis Netlist Statistics for Top Partition ;
+-----------------------+-----------------------------+
; Type                  ; Count                       ;
+-----------------------+-----------------------------+
; boundary_port         ; 72                          ;
; cycloneiii_ff         ; 46                          ;
;     CLR               ; 19                          ;
;     ENA               ; 16                          ;
;     plain             ; 11                          ;
; cycloneiii_lcell_comb ; 95                          ;
;     normal            ; 95                          ;
;         0 data inputs ; 2                           ;
;         1 data inputs ; 6                           ;
;         2 data inputs ; 4                           ;
;         3 data inputs ; 21                          ;
;         4 data inputs ; 62                          ;
;                       ;                             ;
; Max LUT depth         ; 9.00                        ;
; Average LUT depth     ; 3.31                        ;
+-----------------------+-----------------------------+


+-------------------------------+
; Elapsed Time Per Partition    ;
+----------------+--------------+
; Partition Name ; Elapsed Time ;
+----------------+--------------+
; Top            ; 00:00:00     ;
+----------------+--------------+


+-------------------------------+
; Analysis & Synthesis Messages ;
+-------------------------------+
Info: *******************************************************************
Info: Running Quartus Prime Analysis & Synthesis
    Info: Version 18.1.0 Build 625 09/12/2018 SJ Lite Edition
    Info: Processing started: Mon Feb 27 15:02:53 2023
Info: Command: quartus_map --read_settings_files=on --write_settings_files=off lab4real2 -c lab4real2
Warning (18236): Number of processors has not been specified which may cause overloading on shared machines.  Set the global assignment NUM_PARALLEL_PROCESSORS in your QSF to an appropriate value for best performance.
Info (20030): Parallel compilation is enabled and will use 6 of the 6 processors detected
Info (12021): Found 1 design units, including 1 entities, in source file multiplier/testbench_8.sv
    Info (12023): Found entity 1: testbench_8 File: C:/Users/hunte/OneDrive/Documents/Illinois/Spring 2023/ECE 385/Labs/Lab 4.1/Multiplier/testbench_8.sv Line: 1
Info (12021): Found 3 design units, including 3 entities, in source file multiplier/synchronizers.sv
    Info (12023): Found entity 1: sync File: C:/Users/hunte/OneDrive/Documents/Illinois/Spring 2023/ECE 385/Labs/Lab 4.1/Multiplier/Synchronizers.sv Line: 4
    Info (12023): Found entity 2: sync_r0 File: C:/Users/hunte/OneDrive/Documents/Illinois/Spring 2023/ECE 385/Labs/Lab 4.1/Multiplier/Synchronizers.sv Line: 18
    Info (12023): Found entity 3: sync_r1 File: C:/Users/hunte/OneDrive/Documents/Illinois/Spring 2023/ECE 385/Labs/Lab 4.1/Multiplier/Synchronizers.sv Line: 39
Info (12021): Found 2 design units, including 2 entities, in source file multiplier/ripple_adder.sv
    Info (12023): Found entity 1: Add_sub_9bit File: C:/Users/hunte/OneDrive/Documents/Illinois/Spring 2023/ECE 385/Labs/Lab 4.1/Multiplier/ripple_adder.sv Line: 1
    Info (12023): Found entity 2: four_bit_RA File: C:/Users/hunte/OneDrive/Documents/Illinois/Spring 2023/ECE 385/Labs/Lab 4.1/Multiplier/ripple_adder.sv Line: 39
Info (12021): Found 2 design units, including 2 entities, in source file multiplier/reg_4.sv
    Info (12023): Found entity 1: reg_8 File: C:/Users/hunte/OneDrive/Documents/Illinois/Spring 2023/ECE 385/Labs/Lab 4.1/Multiplier/Reg_4.sv Line: 1
    Info (12023): Found entity 2: xreg File: C:/Users/hunte/OneDrive/Documents/Illinois/Spring 2023/ECE 385/Labs/Lab 4.1/Multiplier/Reg_4.sv Line: 25
Info (12021): Found 1 design units, including 1 entities, in source file multiplier/processor.sv
    Info (12023): Found entity 1: Processor File: C:/Users/hunte/OneDrive/Documents/Illinois/Spring 2023/ECE 385/Labs/Lab 4.1/Multiplier/Processor.sv Line: 8
Info (12021): Found 1 design units, including 1 entities, in source file multiplier/hexdriver.sv
    Info (12023): Found entity 1: HexDriver File: C:/Users/hunte/OneDrive/Documents/Illinois/Spring 2023/ECE 385/Labs/Lab 4.1/Multiplier/HexDriver.sv Line: 1
Info (12021): Found 1 design units, including 1 entities, in source file multiplier/full_adder.sv
    Info (12023): Found entity 1: full_adder File: C:/Users/hunte/OneDrive/Documents/Illinois/Spring 2023/ECE 385/Labs/Lab 4.1/Multiplier/full_adder.sv Line: 1
Info (12021): Found 1 design units, including 1 entities, in source file multiplier/control.sv
    Info (12023): Found entity 1: control File: C:/Users/hunte/OneDrive/Documents/Illinois/Spring 2023/ECE 385/Labs/Lab 4.1/Multiplier/control.sv Line: 5
Info (12127): Elaborating entity "Processor" for the top level hierarchy
Info (12128): Elaborating entity "xreg" for hierarchy "xreg:xregister" File: C:/Users/hunte/OneDrive/Documents/Illinois/Spring 2023/ECE 385/Labs/Lab 4.1/Multiplier/Processor.sv Line: 47
Info (12128): Elaborating entity "reg_8" for hierarchy "reg_8:reg_unitA" File: C:/Users/hunte/OneDrive/Documents/Illinois/Spring 2023/ECE 385/Labs/Lab 4.1/Multiplier/Processor.sv Line: 58
Info (12128): Elaborating entity "control" for hierarchy "control:control_unit" File: C:/Users/hunte/OneDrive/Documents/Illinois/Spring 2023/ECE 385/Labs/Lab 4.1/Multiplier/Processor.sv Line: 78
Info (12128): Elaborating entity "Add_sub_9bit" for hierarchy "Add_sub_9bit:multiplier" File: C:/Users/hunte/OneDrive/Documents/Illinois/Spring 2023/ECE 385/Labs/Lab 4.1/Multiplier/Processor.sv Line: 87
Warning (10034): Output port "cout" at ripple_adder.sv(7) has no driver File: C:/Users/hunte/OneDrive/Documents/Illinois/Spring 2023/ECE 385/Labs/Lab 4.1/Multiplier/ripple_adder.sv Line: 7
Info (12128): Elaborating entity "four_bit_RA" for hierarchy "Add_sub_9bit:multiplier|four_bit_RA:FA444" File: C:/Users/hunte/OneDrive/Documents/Illinois/Spring 2023/ECE 385/Labs/Lab 4.1/Multiplier/ripple_adder.sv Line: 26
Info (12128): Elaborating entity "full_adder" for hierarchy "Add_sub_9bit:multiplier|four_bit_RA:FA444|full_adder:FA0" File: C:/Users/hunte/OneDrive/Documents/Illinois/Spring 2023/ECE 385/Labs/Lab 4.1/Multiplier/ripple_adder.sv Line: 49
Info (12128): Elaborating entity "HexDriver" for hierarchy "HexDriver:HexAL" File: C:/Users/hunte/OneDrive/Documents/Illinois/Spring 2023/ECE 385/Labs/Lab 4.1/Multiplier/Processor.sv Line: 92
Info (12128): Elaborating entity "sync" for hierarchy "sync:button_sync[0]" File: C:/Users/hunte/OneDrive/Documents/Illinois/Spring 2023/ECE 385/Labs/Lab 4.1/Multiplier/Processor.sv Line: 118
Warning (12241): 1 hierarchies have connectivity warnings - see the Connectivity Checks report folder
Warning (13024): Output pins are stuck at VCC or GND
    Warning (13410): Pin "HEX4[1]" is stuck at GND File: C:/Users/hunte/OneDrive/Documents/Illinois/Spring 2023/ECE 385/Labs/Lab 4.1/Multiplier/Processor.sv Line: 12
    Warning (13410): Pin "HEX4[2]" is stuck at GND File: C:/Users/hunte/OneDrive/Documents/Illinois/Spring 2023/ECE 385/Labs/Lab 4.1/Multiplier/Processor.sv Line: 12
    Warning (13410): Pin "HEX4[6]" is stuck at VCC File: C:/Users/hunte/OneDrive/Documents/Illinois/Spring 2023/ECE 385/Labs/Lab 4.1/Multiplier/Processor.sv Line: 12
    Warning (13410): Pin "HEX5[0]" is stuck at GND File: C:/Users/hunte/OneDrive/Documents/Illinois/Spring 2023/ECE 385/Labs/Lab 4.1/Multiplier/Processor.sv Line: 12
    Warning (13410): Pin "HEX5[1]" is stuck at GND File: C:/Users/hunte/OneDrive/Documents/Illinois/Spring 2023/ECE 385/Labs/Lab 4.1/Multiplier/Processor.sv Line: 12
    Warning (13410): Pin "HEX5[2]" is stuck at GND File: C:/Users/hunte/OneDrive/Documents/Illinois/Spring 2023/ECE 385/Labs/Lab 4.1/Multiplier/Processor.sv Line: 12
    Warning (13410): Pin "HEX5[3]" is stuck at GND File: C:/Users/hunte/OneDrive/Documents/Illinois/Spring 2023/ECE 385/Labs/Lab 4.1/Multiplier/Processor.sv Line: 12
    Warning (13410): Pin "HEX5[4]" is stuck at GND File: C:/Users/hunte/OneDrive/Documents/Illinois/Spring 2023/ECE 385/Labs/Lab 4.1/Multiplier/Processor.sv Line: 12
    Warning (13410): Pin "HEX5[5]" is stuck at GND File: C:/Users/hunte/OneDrive/Documents/Illinois/Spring 2023/ECE 385/Labs/Lab 4.1/Multiplier/Processor.sv Line: 12
    Warning (13410): Pin "HEX5[6]" is stuck at VCC File: C:/Users/hunte/OneDrive/Documents/Illinois/Spring 2023/ECE 385/Labs/Lab 4.1/Multiplier/Processor.sv Line: 12
Info (286030): Timing-Driven Synthesis is running
Info (17049): 6 registers lost all their fanouts during netlist optimizations.
Info (144001): Generated suppressed messages file C:/Users/hunte/OneDrive/Documents/Illinois/Spring 2023/ECE 385/Labs/Lab 4.1/lab4real2.map.smsg
Info (16010): Generating hard_block partition "hard_block:auto_generated_inst"
    Info (16011): Adding 0 node(s), including 0 DDIO, 0 PLL, 0 transceiver and 0 LCELL
Warning (21074): Design contains 2 input pin(s) that do not drive logic
    Warning (15610): No output dependent on input pin "SW[8]" File: C:/Users/hunte/OneDrive/Documents/Illinois/Spring 2023/ECE 385/Labs/Lab 4.1/Multiplier/Processor.sv Line: 11
    Warning (15610): No output dependent on input pin "SW[9]" File: C:/Users/hunte/OneDrive/Documents/Illinois/Spring 2023/ECE 385/Labs/Lab 4.1/Multiplier/Processor.sv Line: 11
Info (21057): Implemented 185 device resources after synthesis - the final resource count might be different
    Info (21058): Implemented 13 input pins
    Info (21059): Implemented 59 output pins
    Info (21061): Implemented 113 logic cells
Info: Quartus Prime Analysis & Synthesis was successful. 0 errors, 17 warnings
    Info: Peak virtual memory: 4788 megabytes
    Info: Processing ended: Mon Feb 27 15:03:03 2023
    Info: Elapsed time: 00:00:10
    Info: Total CPU time (on all processors): 00:00:08


+------------------------------------------+
; Analysis & Synthesis Suppressed Messages ;
+------------------------------------------+
The suppressed messages can be found in C:/Users/hunte/OneDrive/Documents/Illinois/Spring 2023/ECE 385/Labs/Lab 4.1/lab4real2.map.smsg.


