Analysis & Synthesis report for lab4real2
Wed Feb 15 09:59:28 2023
Quartus Prime Version 18.1.0 Build 625 09/12/2018 SJ Lite Edition


---------------------
; Table of Contents ;
---------------------
  1. Legal Notice
  2. Analysis & Synthesis Summary
  3. Analysis & Synthesis Settings
  4. Parallel Compilation
  5. Port Connectivity Checks: "HexDriver:HexBU"
  6. Port Connectivity Checks: "HexDriver:HexAU"
  7. Port Connectivity Checks: "HexDriver:HexBL"
  8. Port Connectivity Checks: "HexDriver:HexAL"
  9. Port Connectivity Checks: "Add_sub_9bit:multiplier|full_adder:FA66"
 10. Port Connectivity Checks: "Add_sub_9bit:multiplier|four_bit_RA:FA44"
 11. Port Connectivity Checks: "Add_sub_9bit:multiplier"
 12. Port Connectivity Checks: "register_unit:reg_unit"
 13. Analysis & Synthesis Messages
 14. Analysis & Synthesis Suppressed Messages



----------------
; Legal Notice ;
----------------
Copyright (C) 2018  Intel Corporation. All rights reserved.
Your use of Intel Corporation's design tools, logic functions 
and other software and tools, and its AMPP partner logic 
functions, and any output files from any of the foregoing 
(including device programming or simulation files), and any 
associated documentation or information are expressly subject 
to the terms and conditions of the Intel Program License 
Subscription Agreement, the Intel Quartus Prime License Agreement,
the Intel FPGA IP License Agreement, or other applicable license
agreement, including, without limitation, that your use is for
the sole purpose of programming logic devices manufactured by
Intel and sold by Intel or its authorized distributors.  Please
refer to the applicable agreement for further details.



+----------------------------------------------------------------------------------+
; Analysis & Synthesis Summary                                                     ;
+------------------------------------+---------------------------------------------+
; Analysis & Synthesis Status        ; Failed - Wed Feb 15 09:59:28 2023           ;
; Quartus Prime Version              ; 18.1.0 Build 625 09/12/2018 SJ Lite Edition ;
; Revision Name                      ; lab4real2                                   ;
; Top-level Entity Name              ; Processor                                   ;
; Family                             ; MAX 10                                      ;
; Total logic elements               ; N/A until Partition Merge                   ;
;     Total combinational functions  ; N/A until Partition Merge                   ;
;     Dedicated logic registers      ; N/A until Partition Merge                   ;
; Total registers                    ; N/A until Partition Merge                   ;
; Total pins                         ; N/A until Partition Merge                   ;
; Total virtual pins                 ; N/A until Partition Merge                   ;
; Total memory bits                  ; N/A until Partition Merge                   ;
; Embedded Multiplier 9-bit elements ; N/A until Partition Merge                   ;
; Total PLLs                         ; N/A until Partition Merge                   ;
; UFM blocks                         ; N/A until Partition Merge                   ;
; ADC blocks                         ; N/A until Partition Merge                   ;
+------------------------------------+---------------------------------------------+


+------------------------------------------------------------------------------------------------------------+
; Analysis & Synthesis Settings                                                                              ;
+------------------------------------------------------------------+--------------------+--------------------+
; Option                                                           ; Setting            ; Default Value      ;
+------------------------------------------------------------------+--------------------+--------------------+
; Device                                                           ; 10M50DAF484C7G     ;                    ;
; Top-level entity name                                            ; Processor          ; lab4real2          ;
; Family name                                                      ; MAX 10             ; Cyclone V          ;
; Use smart compilation                                            ; Off                ; Off                ;
; Enable parallel Assembler and Timing Analyzer during compilation ; On                 ; On                 ;
; Enable compact report table                                      ; Off                ; Off                ;
; Restructure Multiplexers                                         ; Auto               ; Auto               ;
; Create Debugging Nodes for IP Cores                              ; Off                ; Off                ;
; Preserve fewer node names                                        ; On                 ; On                 ;
; Intel FPGA IP Evaluation Mode                                    ; Enable             ; Enable             ;
; Verilog Version                                                  ; Verilog_2001       ; Verilog_2001       ;
; VHDL Version                                                     ; VHDL_1993          ; VHDL_1993          ;
; State Machine Processing                                         ; Auto               ; Auto               ;
; Safe State Machine                                               ; Off                ; Off                ;
; Extract Verilog State Machines                                   ; On                 ; On                 ;
; Extract VHDL State Machines                                      ; On                 ; On                 ;
; Ignore Verilog initial constructs                                ; Off                ; Off                ;
; Iteration limit for constant Verilog loops                       ; 5000               ; 5000               ;
; Iteration limit for non-constant Verilog loops                   ; 250                ; 250                ;
; Add Pass-Through Logic to Inferred RAMs                          ; On                 ; On                 ;
; Infer RAMs from Raw Logic                                        ; On                 ; On                 ;
; Parallel Synthesis                                               ; On                 ; On                 ;
; DSP Block Balancing                                              ; Auto               ; Auto               ;
; NOT Gate Push-Back                                               ; On                 ; On                 ;
; Power-Up Don't Care                                              ; On                 ; On                 ;
; Remove Redundant Logic Cells                                     ; Off                ; Off                ;
; Remove Duplicate Registers                                       ; On                 ; On                 ;
; Ignore CARRY Buffers                                             ; Off                ; Off                ;
; Ignore CASCADE Buffers                                           ; Off                ; Off                ;
; Ignore GLOBAL Buffers                                            ; Off                ; Off                ;
; Ignore ROW GLOBAL Buffers                                        ; Off                ; Off                ;
; Ignore LCELL Buffers                                             ; Off                ; Off                ;
; Ignore SOFT Buffers                                              ; On                 ; On                 ;
; Limit AHDL Integers to 32 Bits                                   ; Off                ; Off                ;
; Optimization Technique                                           ; Balanced           ; Balanced           ;
; Carry Chain Length                                               ; 70                 ; 70                 ;
; Auto Carry Chains                                                ; On                 ; On                 ;
; Auto Open-Drain Pins                                             ; On                 ; On                 ;
; Perform WYSIWYG Primitive Resynthesis                            ; Off                ; Off                ;
; Auto ROM Replacement                                             ; On                 ; On                 ;
; Auto RAM Replacement                                             ; On                 ; On                 ;
; Auto DSP Block Replacement                                       ; On                 ; On                 ;
; Auto Shift Register Replacement                                  ; Auto               ; Auto               ;
; Allow Shift Register Merging across Hierarchies                  ; Auto               ; Auto               ;
; Auto Clock Enable Replacement                                    ; On                 ; On                 ;
; Strict RAM Replacement                                           ; Off                ; Off                ;
; Allow Synchronous Control Signals                                ; On                 ; On                 ;
; Force Use of Synchronous Clear Signals                           ; Off                ; Off                ;
; Auto RAM Block Balancing                                         ; On                 ; On                 ;
; Auto RAM to Logic Cell Conversion                                ; Off                ; Off                ;
; Auto Resource Sharing                                            ; Off                ; Off                ;
; Allow Any RAM Size For Recognition                               ; Off                ; Off                ;
; Allow Any ROM Size For Recognition                               ; Off                ; Off                ;
; Allow Any Shift Register Size For Recognition                    ; Off                ; Off                ;
; Use LogicLock Constraints during Resource Balancing              ; On                 ; On                 ;
; Ignore translate_off and synthesis_off directives                ; Off                ; Off                ;
; Timing-Driven Synthesis                                          ; On                 ; On                 ;
; Report Parameter Settings                                        ; On                 ; On                 ;
; Report Source Assignments                                        ; On                 ; On                 ;
; Report Connectivity Checks                                       ; On                 ; On                 ;
; Ignore Maximum Fan-Out Assignments                               ; Off                ; Off                ;
; Synchronization Register Chain Length                            ; 2                  ; 2                  ;
; Power Optimization During Synthesis                              ; Normal compilation ; Normal compilation ;
; HDL message level                                                ; Level2             ; Level2             ;
; Suppress Register Optimization Related Messages                  ; Off                ; Off                ;
; Number of Removed Registers Reported in Synthesis Report         ; 5000               ; 5000               ;
; Number of Swept Nodes Reported in Synthesis Report               ; 5000               ; 5000               ;
; Number of Inverted Registers Reported in Synthesis Report        ; 100                ; 100                ;
; Clock MUX Protection                                             ; On                 ; On                 ;
; Auto Gated Clock Conversion                                      ; Off                ; Off                ;
; Block Design Naming                                              ; Auto               ; Auto               ;
; SDC constraint protection                                        ; Off                ; Off                ;
; Synthesis Effort                                                 ; Auto               ; Auto               ;
; Shift Register Replacement - Allow Asynchronous Clear Signal     ; On                 ; On                 ;
; Pre-Mapping Resynthesis Optimization                             ; Off                ; Off                ;
; Analysis & Synthesis Message Level                               ; Medium             ; Medium             ;
; Disable Register Merging Across Hierarchies                      ; Auto               ; Auto               ;
; Resource Aware Inference For Block RAM                           ; On                 ; On                 ;
+------------------------------------------------------------------+--------------------+--------------------+


+------------------------------------------+
; Parallel Compilation                     ;
+----------------------------+-------------+
; Processors                 ; Number      ;
+----------------------------+-------------+
; Number detected on machine ; 12          ;
; Maximum allowed            ; 6           ;
;                            ;             ;
; Average used               ; 1.00        ;
; Maximum used               ; 1           ;
;                            ;             ;
; Usage by Processor         ; % Time Used ;
;     Processor 1            ; 100.0%      ;
+----------------------------+-------------+


+----------------------------------------------------------------------------------------------------------------------------------------------------+
; Port Connectivity Checks: "HexDriver:HexBU"                                                                                                        ;
+------+--------+----------+-------------------------------------------------------------------------------------------------------------------------+
; Port ; Type   ; Severity ; Details                                                                                                                 ;
+------+--------+----------+-------------------------------------------------------------------------------------------------------------------------+
; Out0 ; Output ; Warning  ; Output or bidir port (7 bits) is wider than the port expression (1 bits) it drives; bit(s) "Out0[6..1]" have no fanouts ;
; Out0 ; Output ; Info     ; Connected to dangling logic. Logic that only feeds a dangling port will be removed.                                     ;
+------+--------+----------+-------------------------------------------------------------------------------------------------------------------------+


+----------------------------------------------------------------------------------------------------------------------------------------------------+
; Port Connectivity Checks: "HexDriver:HexAU"                                                                                                        ;
+------+--------+----------+-------------------------------------------------------------------------------------------------------------------------+
; Port ; Type   ; Severity ; Details                                                                                                                 ;
+------+--------+----------+-------------------------------------------------------------------------------------------------------------------------+
; Out0 ; Output ; Warning  ; Output or bidir port (7 bits) is wider than the port expression (1 bits) it drives; bit(s) "Out0[6..1]" have no fanouts ;
; Out0 ; Output ; Info     ; Connected to dangling logic. Logic that only feeds a dangling port will be removed.                                     ;
+------+--------+----------+-------------------------------------------------------------------------------------------------------------------------+


+----------------------------------------------------------------------------------------------------------------------------------------------------+
; Port Connectivity Checks: "HexDriver:HexBL"                                                                                                        ;
+------+--------+----------+-------------------------------------------------------------------------------------------------------------------------+
; Port ; Type   ; Severity ; Details                                                                                                                 ;
+------+--------+----------+-------------------------------------------------------------------------------------------------------------------------+
; Out0 ; Output ; Warning  ; Output or bidir port (7 bits) is wider than the port expression (1 bits) it drives; bit(s) "Out0[6..1]" have no fanouts ;
; Out0 ; Output ; Info     ; Connected to dangling logic. Logic that only feeds a dangling port will be removed.                                     ;
+------+--------+----------+-------------------------------------------------------------------------------------------------------------------------+


+----------------------------------------------------------------------------------------------------------------------------------------------------+
; Port Connectivity Checks: "HexDriver:HexAL"                                                                                                        ;
+------+--------+----------+-------------------------------------------------------------------------------------------------------------------------+
; Port ; Type   ; Severity ; Details                                                                                                                 ;
+------+--------+----------+-------------------------------------------------------------------------------------------------------------------------+
; Out0 ; Output ; Warning  ; Output or bidir port (7 bits) is wider than the port expression (1 bits) it drives; bit(s) "Out0[6..1]" have no fanouts ;
; Out0 ; Output ; Info     ; Connected to dangling logic. Logic that only feeds a dangling port will be removed.                                     ;
+------+--------+----------+-------------------------------------------------------------------------------------------------------------------------+


+---------------------------------------------------------------------+
; Port Connectivity Checks: "Add_sub_9bit:multiplier|full_adder:FA66" ;
+------+--------+----------+------------------------------------------+
; Port ; Type   ; Severity ; Details                                  ;
+------+--------+----------+------------------------------------------+
; cout ; Output ; Info     ; Explicitly unconnected                   ;
+------+--------+----------+------------------------------------------+


+----------------------------------------------------------------------------------------------------------------+
; Port Connectivity Checks: "Add_sub_9bit:multiplier|four_bit_RA:FA44"                                           ;
+------+--------+----------+-------------------------------------------------------------------------------------+
; Port ; Type   ; Severity ; Details                                                                             ;
+------+--------+----------+-------------------------------------------------------------------------------------+
; cout ; Output ; Info     ; Connected to dangling logic. Logic that only feeds a dangling port will be removed. ;
+------+--------+----------+-------------------------------------------------------------------------------------+


+----------------------------------------------------------------------------------------------------------------------------------------------------------------------+
; Port Connectivity Checks: "Add_sub_9bit:multiplier"                                                                                                                  ;
+------+--------+----------+-------------------------------------------------------------------------------------------------------------------------------------------+
; Port ; Type   ; Severity ; Details                                                                                                                                   ;
+------+--------+----------+-------------------------------------------------------------------------------------------------------------------------------------------+
; A    ; Input  ; Warning  ; Input port expression (1 bits) is smaller than the input port (8 bits) it drives.  Extra input bit(s) "A[7..1]" will be connected to GND. ;
; B    ; Input  ; Warning  ; Input port expression (1 bits) is smaller than the input port (8 bits) it drives.  Extra input bit(s) "B[7..1]" will be connected to GND. ;
; S    ; Output ; Warning  ; Output or bidir port (9 bits) is wider than the port expression (1 bits) it drives; bit(s) "S[8..1]" have no fanouts                      ;
; S    ; Output ; Info     ; Connected to dangling logic. Logic that only feeds a dangling port will be removed.                                                       ;
; cout ; Output ; Info     ; Explicitly unconnected                                                                                                                    ;
+------+--------+----------+-------------------------------------------------------------------------------------------------------------------------------------------+


+--------------------------------------------------------------------------------------------------------------------+
; Port Connectivity Checks: "register_unit:reg_unit"                                                                 ;
+----------+--------+----------+-------------------------------------------------------------------------------------+
; Port     ; Type   ; Severity ; Details                                                                             ;
+----------+--------+----------+-------------------------------------------------------------------------------------+
; Ld_A     ; Input  ; Info     ; Stuck at GND                                                                        ;
; Ld_B     ; Input  ; Info     ; Stuck at GND                                                                        ;
; Shift_En ; Input  ; Info     ; Stuck at GND                                                                        ;
; D        ; Input  ; Info     ; Stuck at GND                                                                        ;
; A_In     ; Input  ; Info     ; Stuck at GND                                                                        ;
; B_In     ; Input  ; Info     ; Stuck at GND                                                                        ;
; A_out    ; Output ; Info     ; Connected to dangling logic. Logic that only feeds a dangling port will be removed. ;
; B_out    ; Output ; Info     ; Connected to dangling logic. Logic that only feeds a dangling port will be removed. ;
+----------+--------+----------+-------------------------------------------------------------------------------------+


+-------------------------------+
; Analysis & Synthesis Messages ;
+-------------------------------+
Info: *******************************************************************
Info: Running Quartus Prime Analysis & Synthesis
    Info: Version 18.1.0 Build 625 09/12/2018 SJ Lite Edition
    Info: Processing started: Wed Feb 15 09:59:19 2023
Info: Command: quartus_map --read_settings_files=on --write_settings_files=off lab4real2 -c lab4real2
Warning (18236): Number of processors has not been specified which may cause overloading on shared machines.  Set the global assignment NUM_PARALLEL_PROCESSORS in your QSF to an appropriate value for best performance.
Info (20030): Parallel compilation is enabled and will use 6 of the 6 processors detected
Info (12021): Found 0 design units, including 0 entities, in source file multiplier/testbench_adder.sv
Info (12021): Found 3 design units, including 3 entities, in source file multiplier/synchronizers.sv
    Info (12023): Found entity 1: sync File: C:/Users/hunte/OneDrive/Documents/Illinois/Spring 2023/ECE 385/Labs/Lab 4.1/Multiplier/Synchronizers.sv Line: 4
    Info (12023): Found entity 2: sync_r0 File: C:/Users/hunte/OneDrive/Documents/Illinois/Spring 2023/ECE 385/Labs/Lab 4.1/Multiplier/Synchronizers.sv Line: 18
    Info (12023): Found entity 3: sync_r1 File: C:/Users/hunte/OneDrive/Documents/Illinois/Spring 2023/ECE 385/Labs/Lab 4.1/Multiplier/Synchronizers.sv Line: 39
Info (12021): Found 2 design units, including 2 entities, in source file multiplier/ripple_adder.sv
    Info (12023): Found entity 1: Add_sub_9bit File: C:/Users/hunte/OneDrive/Documents/Illinois/Spring 2023/ECE 385/Labs/Lab 4.1/Multiplier/ripple_adder.sv Line: 1
    Info (12023): Found entity 2: four_bit_RA File: C:/Users/hunte/OneDrive/Documents/Illinois/Spring 2023/ECE 385/Labs/Lab 4.1/Multiplier/ripple_adder.sv Line: 28
Info (12021): Found 1 design units, including 1 entities, in source file multiplier/register_unit.sv
    Info (12023): Found entity 1: register_unit File: C:/Users/hunte/OneDrive/Documents/Illinois/Spring 2023/ECE 385/Labs/Lab 4.1/Multiplier/Register_unit.sv Line: 1
Info (12021): Found 1 design units, including 1 entities, in source file multiplier/reg_17.sv
    Info (12023): Found entity 1: reg_17 File: C:/Users/hunte/OneDrive/Documents/Illinois/Spring 2023/ECE 385/Labs/Lab 4.1/Multiplier/reg_17.sv Line: 1
Info (12021): Found 1 design units, including 1 entities, in source file multiplier/reg_4.sv
    Info (12023): Found entity 1: reg_4 File: C:/Users/hunte/OneDrive/Documents/Illinois/Spring 2023/ECE 385/Labs/Lab 4.1/Multiplier/Reg_4.sv Line: 1
Info (12021): Found 1 design units, including 1 entities, in source file multiplier/processor.sv
    Info (12023): Found entity 1: Processor File: C:/Users/hunte/OneDrive/Documents/Illinois/Spring 2023/ECE 385/Labs/Lab 4.1/Multiplier/Processor.sv Line: 8
Info (12021): Found 1 design units, including 1 entities, in source file multiplier/hexdriver.sv
    Info (12023): Found entity 1: HexDriver File: C:/Users/hunte/OneDrive/Documents/Illinois/Spring 2023/ECE 385/Labs/Lab 4.1/Multiplier/HexDriver.sv Line: 1
Info (12021): Found 1 design units, including 1 entities, in source file multiplier/full_adder.sv
    Info (12023): Found entity 1: full_adder File: C:/Users/hunte/OneDrive/Documents/Illinois/Spring 2023/ECE 385/Labs/Lab 4.1/Multiplier/full_adder.sv Line: 1
Info (12021): Found 1 design units, including 1 entities, in source file multiplier/control.sv
    Info (12023): Found entity 1: control File: C:/Users/hunte/OneDrive/Documents/Illinois/Spring 2023/ECE 385/Labs/Lab 4.1/Multiplier/control.sv Line: 5
Warning (10236): Verilog HDL Implicit Net warning at Processor.sv(34): created implicit net for "Aval" File: C:/Users/hunte/OneDrive/Documents/Illinois/Spring 2023/ECE 385/Labs/Lab 4.1/Multiplier/Processor.sv Line: 34
Warning (10236): Verilog HDL Implicit Net warning at Processor.sv(35): created implicit net for "Bval" File: C:/Users/hunte/OneDrive/Documents/Illinois/Spring 2023/ECE 385/Labs/Lab 4.1/Multiplier/Processor.sv Line: 35
Warning (10236): Verilog HDL Implicit Net warning at Processor.sv(77): created implicit net for "AhexL" File: C:/Users/hunte/OneDrive/Documents/Illinois/Spring 2023/ECE 385/Labs/Lab 4.1/Multiplier/Processor.sv Line: 77
Warning (10236): Verilog HDL Implicit Net warning at Processor.sv(80): created implicit net for "BhexL" File: C:/Users/hunte/OneDrive/Documents/Illinois/Spring 2023/ECE 385/Labs/Lab 4.1/Multiplier/Processor.sv Line: 80
Warning (10236): Verilog HDL Implicit Net warning at Processor.sv(85): created implicit net for "AhexU" File: C:/Users/hunte/OneDrive/Documents/Illinois/Spring 2023/ECE 385/Labs/Lab 4.1/Multiplier/Processor.sv Line: 85
Warning (10236): Verilog HDL Implicit Net warning at Processor.sv(88): created implicit net for "BhexU" File: C:/Users/hunte/OneDrive/Documents/Illinois/Spring 2023/ECE 385/Labs/Lab 4.1/Multiplier/Processor.sv Line: 88
Info (12127): Elaborating entity "Processor" for the top level hierarchy
Warning (10230): Verilog HDL assignment warning at Processor.sv(34): truncated value with size 8 to match size of target (1) File: C:/Users/hunte/OneDrive/Documents/Illinois/Spring 2023/ECE 385/Labs/Lab 4.1/Multiplier/Processor.sv Line: 34
Warning (10230): Verilog HDL assignment warning at Processor.sv(35): truncated value with size 8 to match size of target (1) File: C:/Users/hunte/OneDrive/Documents/Illinois/Spring 2023/ECE 385/Labs/Lab 4.1/Multiplier/Processor.sv Line: 35
Warning (10030): Net "Din_S" at Processor.sv(30) has no driver or initial value, using a default initial value '0' File: C:/Users/hunte/OneDrive/Documents/Illinois/Spring 2023/ECE 385/Labs/Lab 4.1/Multiplier/Processor.sv Line: 30
Warning (10030): Net "Ld_A" at Processor.sv(28) has no driver or initial value, using a default initial value '0' File: C:/Users/hunte/OneDrive/Documents/Illinois/Spring 2023/ECE 385/Labs/Lab 4.1/Multiplier/Processor.sv Line: 28
Warning (10030): Net "Ld_B" at Processor.sv(28) has no driver or initial value, using a default initial value '0' File: C:/Users/hunte/OneDrive/Documents/Illinois/Spring 2023/ECE 385/Labs/Lab 4.1/Multiplier/Processor.sv Line: 28
Warning (10030): Net "newA" at Processor.sv(28) has no driver or initial value, using a default initial value '0' File: C:/Users/hunte/OneDrive/Documents/Illinois/Spring 2023/ECE 385/Labs/Lab 4.1/Multiplier/Processor.sv Line: 28
Warning (10030): Net "newB" at Processor.sv(28) has no driver or initial value, using a default initial value '0' File: C:/Users/hunte/OneDrive/Documents/Illinois/Spring 2023/ECE 385/Labs/Lab 4.1/Multiplier/Processor.sv Line: 28
Warning (10030): Net "Shift_En" at Processor.sv(28) has no driver or initial value, using a default initial value '0' File: C:/Users/hunte/OneDrive/Documents/Illinois/Spring 2023/ECE 385/Labs/Lab 4.1/Multiplier/Processor.sv Line: 28
Warning (10034): Output port "HEX0" at Processor.sv(14) has no driver File: C:/Users/hunte/OneDrive/Documents/Illinois/Spring 2023/ECE 385/Labs/Lab 4.1/Multiplier/Processor.sv Line: 14
Warning (10034): Output port "HEX1" at Processor.sv(15) has no driver File: C:/Users/hunte/OneDrive/Documents/Illinois/Spring 2023/ECE 385/Labs/Lab 4.1/Multiplier/Processor.sv Line: 15
Warning (10034): Output port "HEX2" at Processor.sv(16) has no driver File: C:/Users/hunte/OneDrive/Documents/Illinois/Spring 2023/ECE 385/Labs/Lab 4.1/Multiplier/Processor.sv Line: 16
Warning (10034): Output port "HEX3" at Processor.sv(17) has no driver File: C:/Users/hunte/OneDrive/Documents/Illinois/Spring 2023/ECE 385/Labs/Lab 4.1/Multiplier/Processor.sv Line: 17
Warning (10034): Output port "HEX4" at Processor.sv(18) has no driver File: C:/Users/hunte/OneDrive/Documents/Illinois/Spring 2023/ECE 385/Labs/Lab 4.1/Multiplier/Processor.sv Line: 18
Warning (10034): Output port "HEX5" at Processor.sv(19) has no driver File: C:/Users/hunte/OneDrive/Documents/Illinois/Spring 2023/ECE 385/Labs/Lab 4.1/Multiplier/Processor.sv Line: 19
Warning (10034): Output port "HEX6" at Processor.sv(20) has no driver File: C:/Users/hunte/OneDrive/Documents/Illinois/Spring 2023/ECE 385/Labs/Lab 4.1/Multiplier/Processor.sv Line: 20
Warning (10034): Output port "HEX7" at Processor.sv(22) has no driver File: C:/Users/hunte/OneDrive/Documents/Illinois/Spring 2023/ECE 385/Labs/Lab 4.1/Multiplier/Processor.sv Line: 22
Info (12128): Elaborating entity "register_unit" for hierarchy "register_unit:reg_unit" File: C:/Users/hunte/OneDrive/Documents/Illinois/Spring 2023/ECE 385/Labs/Lab 4.1/Multiplier/Processor.sv Line: 56
Info (12128): Elaborating entity "reg_4" for hierarchy "register_unit:reg_unit|reg_4:reg_A" File: C:/Users/hunte/OneDrive/Documents/Illinois/Spring 2023/ECE 385/Labs/Lab 4.1/Multiplier/Register_unit.sv Line: 10
Info (12128): Elaborating entity "control" for hierarchy "control:control_unit" File: C:/Users/hunte/OneDrive/Documents/Illinois/Spring 2023/ECE 385/Labs/Lab 4.1/Multiplier/Processor.sv Line: 65
Info (12128): Elaborating entity "Add_sub_9bit" for hierarchy "Add_sub_9bit:multiplier" File: C:/Users/hunte/OneDrive/Documents/Illinois/Spring 2023/ECE 385/Labs/Lab 4.1/Multiplier/Processor.sv Line: 74
Warning (10034): Output port "cout" at ripple_adder.sv(7) has no driver File: C:/Users/hunte/OneDrive/Documents/Illinois/Spring 2023/ECE 385/Labs/Lab 4.1/Multiplier/ripple_adder.sv Line: 7
Info (12128): Elaborating entity "four_bit_RA" for hierarchy "Add_sub_9bit:multiplier|four_bit_RA:FA44" File: C:/Users/hunte/OneDrive/Documents/Illinois/Spring 2023/ECE 385/Labs/Lab 4.1/Multiplier/ripple_adder.sv Line: 21
Info (12128): Elaborating entity "full_adder" for hierarchy "Add_sub_9bit:multiplier|four_bit_RA:FA44|full_adder:FA0" File: C:/Users/hunte/OneDrive/Documents/Illinois/Spring 2023/ECE 385/Labs/Lab 4.1/Multiplier/ripple_adder.sv Line: 38
Info (12128): Elaborating entity "HexDriver" for hierarchy "HexDriver:HexAL" File: C:/Users/hunte/OneDrive/Documents/Illinois/Spring 2023/ECE 385/Labs/Lab 4.1/Multiplier/Processor.sv Line: 77
Error (12055): Quartus Prime Setting File contains incomplete assignments with the section ID "-section_id auto_signaltap_0".  All 57 assignments with that section ID must be removed.
Warning (12241): 5 hierarchies have connectivity warnings - see the Connectivity Checks report folder
Info (144001): Generated suppressed messages file C:/Users/hunte/OneDrive/Documents/Illinois/Spring 2023/ECE 385/Labs/Lab 4.1/output_files/lab4real2.map.smsg
Error: Quartus Prime Analysis & Synthesis was unsuccessful. 1 error, 25 warnings
    Error: Peak virtual memory: 4712 megabytes
    Error: Processing ended: Wed Feb 15 09:59:28 2023
    Error: Elapsed time: 00:00:09
    Error: Total CPU time (on all processors): 00:00:07


+------------------------------------------+
; Analysis & Synthesis Suppressed Messages ;
+------------------------------------------+
The suppressed messages can be found in C:/Users/hunte/OneDrive/Documents/Illinois/Spring 2023/ECE 385/Labs/Lab 4.1/output_files/lab4real2.map.smsg.


